2025-08-27 04:41:20,766 - INFO - === KRITISCHE CODE-BEREINIGUNG GESTARTET ===
2025-08-27 04:41:20,766 - INFO - Projekt-Root: /home/mdoehler/aktienanalyse-ökosystem
2025-08-27 04:41:20,767 - INFO - Archive-Verzeichnis: /home/mdoehler/aktienanalyse-ökosystem/archive/critical_cleanup_20250827_044120
2025-08-27 04:41:20,767 - INFO - Archive-Verzeichnis erstellt: /home/mdoehler/aktienanalyse-ökosystem/archive/critical_cleanup_20250827_044120
2025-08-27 04:41:20,767 - INFO - === SERVICE-DUPLIKATE BEREINIGUNG ===
2025-08-27 04:41:20,767 - INFO - Verschoben: /home/mdoehler/aktienanalyse-ökosystem/services/frontend-service/main_clean_v1_0_0.py -> /home/mdoehler/aktienanalyse-ökosystem/archive/critical_cleanup_20250827_044120/service_duplicates/frontend-service/main_clean_v1_0_0.py
2025-08-27 04:41:20,767 - INFO - Verschoben: /home/mdoehler/aktienanalyse-ökosystem/services/frontend-service/main_clean_v1_0_0_fixed.py -> /home/mdoehler/aktienanalyse-ökosystem/archive/critical_cleanup_20250827_044120/service_duplicates/frontend-service/main_clean_v1_0_0_fixed.py
2025-08-27 04:41:20,767 - INFO - Verschoben: /home/mdoehler/aktienanalyse-ökosystem/services/frontend-service/main_clean_v1_0_0_production.py -> /home/mdoehler/aktienanalyse-ökosystem/archive/critical_cleanup_20250827_044120/service_duplicates/frontend-service/main_clean_v1_0_0_production.py
2025-08-27 04:41:20,768 - INFO - Verschoben: /home/mdoehler/aktienanalyse-ökosystem/services/frontend-service/main_enhanced_gui.py -> /home/mdoehler/aktienanalyse-ökosystem/archive/critical_cleanup_20250827_044120/service_duplicates/frontend-service/main_enhanced_gui.py
2025-08-27 04:41:20,768 - INFO - Verschoben: /home/mdoehler/aktienanalyse-ökosystem/services/frontend-service/main_v8_1_0_enhanced_averages.py -> /home/mdoehler/aktienanalyse-ökosystem/archive/critical_cleanup_20250827_044120/service_duplicates/frontend-service/main_v8_1_0_enhanced_averages.py
2025-08-27 04:41:20,768 - INFO - Verschoben: /home/mdoehler/aktienanalyse-ökosystem/services/frontend-service/main.py.backup_20250826_190147 -> /home/mdoehler/aktienanalyse-ökosystem/archive/critical_cleanup_20250827_044120/service_duplicates/frontend-service/main.py.backup_20250826_190147
2025-08-27 04:41:20,768 - INFO - Verschoben: /home/mdoehler/aktienanalyse-ökosystem/services/ml-analytics-service/main_v6_0_0.py -> /home/mdoehler/aktienanalyse-ökosystem/archive/critical_cleanup_20250827_044120/service_duplicates/ml-analytics-service/main_v6_0_0.py
2025-08-27 04:41:20,768 - INFO - Verschoben: /home/mdoehler/aktienanalyse-ökosystem/services/ml-analytics-service/main_v6_1_0.py -> /home/mdoehler/aktienanalyse-ökosystem/archive/critical_cleanup_20250827_044120/service_duplicates/ml-analytics-service/main_v6_1_0.py
2025-08-27 04:41:20,768 - INFO - Verschoben: /home/mdoehler/aktienanalyse-ökosystem/services/ml-analytics-service/main_v6_1_1.py -> /home/mdoehler/aktienanalyse-ökosystem/archive/critical_cleanup_20250827_044120/service_duplicates/ml-analytics-service/main_v6_1_1.py
2025-08-27 04:41:20,768 - INFO - Verschoben: /home/mdoehler/aktienanalyse-ökosystem/services/ml-analytics-service/main_refactored.py -> /home/mdoehler/aktienanalyse-ökosystem/archive/critical_cleanup_20250827_044120/service_duplicates/ml-analytics-service/main_refactored.py
2025-08-27 04:41:20,769 - INFO - Verschoben: /home/mdoehler/aktienanalyse-ökosystem/services/ml-analytics-service/main_backup_original.py -> /home/mdoehler/aktienanalyse-ökosystem/archive/critical_cleanup_20250827_044120/service_duplicates/ml-analytics-service/main_backup_original.py
2025-08-27 04:41:20,769 - INFO - Verschoben: /home/mdoehler/aktienanalyse-ökosystem/services/ml-analytics-service/migration_script.py -> /home/mdoehler/aktienanalyse-ökosystem/archive/critical_cleanup_20250827_044120/service_duplicates/ml-analytics-service/migration_script.py
2025-08-27 04:41:20,769 - INFO - Verschoben: /home/mdoehler/aktienanalyse-ökosystem/services/ml-analytics-service/infrastructure/container_v6_1_0.py -> /home/mdoehler/aktienanalyse-ökosystem/archive/critical_cleanup_20250827_044120/service_duplicates/ml-analytics-service/infrastructure/container_v6_1_0.py
2025-08-27 04:41:20,769 - INFO - Verschoben: /home/mdoehler/aktienanalyse-ökosystem/services/ml-analytics-service/infrastructure/di_container.py -> /home/mdoehler/aktienanalyse-ökosystem/archive/critical_cleanup_20250827_044120/service_duplicates/ml-analytics-service/infrastructure/di_container.py
2025-08-27 04:41:20,769 - INFO - Verschoben: /home/mdoehler/aktienanalyse-ökosystem/services/prediction-tracking-service/main_v6_0_0.py -> /home/mdoehler/aktienanalyse-ökosystem/archive/critical_cleanup_20250827_044120/service_duplicates/prediction-tracking-service/main_v6_0_0.py
2025-08-27 04:41:20,769 - INFO - Verschoben: /home/mdoehler/aktienanalyse-ökosystem/services/prediction-tracking-service/main_v6_1_0.py -> /home/mdoehler/aktienanalyse-ökosystem/archive/critical_cleanup_20250827_044120/service_duplicates/prediction-tracking-service/main_v6_1_0.py
2025-08-27 04:41:20,769 - INFO - Verschoben: /home/mdoehler/aktienanalyse-ökosystem/services/prediction-tracking-service/main_v6_2_0_enhanced_averages.py -> /home/mdoehler/aktienanalyse-ökosystem/archive/critical_cleanup_20250827_044120/service_duplicates/prediction-tracking-service/main_v6_2_0_enhanced_averages.py
2025-08-27 04:41:20,770 - INFO - Verschoben: /home/mdoehler/aktienanalyse-ökosystem/services/prediction-tracking-service/main_ml_predictions_enhanced.py -> /home/mdoehler/aktienanalyse-ökosystem/archive/critical_cleanup_20250827_044120/service_duplicates/prediction-tracking-service/main_ml_predictions_enhanced.py
2025-08-27 04:41:20,770 - INFO - Verschoben: /home/mdoehler/aktienanalyse-ökosystem/services/prediction-tracking-service/simple_enhanced_api.py -> /home/mdoehler/aktienanalyse-ökosystem/archive/critical_cleanup_20250827_044120/service_duplicates/prediction-tracking-service/simple_enhanced_api.py
2025-08-27 04:41:20,770 - INFO - Verschoben: /home/mdoehler/aktienanalyse-ökosystem/services/prediction-tracking-service/infrastructure/container_v6_1_0.py -> /home/mdoehler/aktienanalyse-ökosystem/archive/critical_cleanup_20250827_044120/service_duplicates/prediction-tracking-service/infrastructure/container_v6_1_0.py
2025-08-27 04:41:20,770 - INFO - Verschoben: /home/mdoehler/aktienanalyse-ökosystem/services/data-processing-service/main_v6_0_0.py -> /home/mdoehler/aktienanalyse-ökosystem/archive/critical_cleanup_20250827_044120/service_duplicates/data-processing-service/main_v6_0_0.py
2025-08-27 04:41:20,770 - INFO - Verschoben: /home/mdoehler/aktienanalyse-ökosystem/services/data-processing-service/main_v6_1_0.py -> /home/mdoehler/aktienanalyse-ökosystem/archive/critical_cleanup_20250827_044120/service_duplicates/data-processing-service/main_v6_1_0.py
2025-08-27 04:41:20,770 - INFO - Verschoben: /home/mdoehler/aktienanalyse-ökosystem/services/data-processing-service/infrastructure/container_v6_1_0.py -> /home/mdoehler/aktienanalyse-ökosystem/archive/critical_cleanup_20250827_044120/service_duplicates/data-processing-service/infrastructure/container_v6_1_0.py
2025-08-27 04:41:20,771 - INFO - Verschoben: /home/mdoehler/aktienanalyse-ökosystem/services/marketcap-service/main_v6_0_0.py -> /home/mdoehler/aktienanalyse-ökosystem/archive/critical_cleanup_20250827_044120/service_duplicates/marketcap-service/main_v6_0_0.py
2025-08-27 04:41:20,771 - INFO - Verschoben: /home/mdoehler/aktienanalyse-ökosystem/services/marketcap-service/main_v6_1_0.py -> /home/mdoehler/aktienanalyse-ökosystem/archive/critical_cleanup_20250827_044120/service_duplicates/marketcap-service/main_v6_1_0.py
2025-08-27 04:41:20,771 - INFO - Verschoben: /home/mdoehler/aktienanalyse-ökosystem/services/marketcap-service/infrastructure/container_v6_1_0.py -> /home/mdoehler/aktienanalyse-ökosystem/archive/critical_cleanup_20250827_044120/service_duplicates/marketcap-service/infrastructure/container_v6_1_0.py
2025-08-27 04:41:20,771 - INFO - Verschoben: /home/mdoehler/aktienanalyse-ökosystem/services/diagnostic-service/infrastructure/container_v6_1_0.py -> /home/mdoehler/aktienanalyse-ökosystem/archive/critical_cleanup_20250827_044120/service_duplicates/diagnostic-service/infrastructure/container_v6_1_0.py
2025-08-27 04:41:20,771 - INFO - === ARCHIVE-DATEIEN BEREINIGUNG ===
2025-08-27 04:41:20,772 - INFO - Archive-Datei gelöscht: /home/mdoehler/aktienanalyse-ökosystem/backups/unified-profit-engine-enhanced_backup_20250825.tar.gz
2025-08-27 04:41:20,772 - INFO - Archive-Datei gelöscht: /home/mdoehler/aktienanalyse-ökosystem/backups/cleanup_20250826/versioned_files_backup.tar.gz
2025-08-27 04:41:20,783 - INFO - Archive-Datei gelöscht: /home/mdoehler/aktienanalyse-ökosystem/services/ml-analytics-service/clean_architecture.tar.gz
2025-08-27 04:41:20,784 - INFO - Archive-Datei gelöscht: /home/mdoehler/aktienanalyse-ökosystem/services/ml-analytics-service/ml-analytics-refactored.tar.gz
2025-08-27 04:41:20,811 - INFO - === LEGACY COLLECTIONS BEREINIGUNG ===
2025-08-27 04:41:20,811 - INFO - Legacy Collection verschoben: /home/mdoehler/aktienanalyse-ökosystem/services/ml-analytics-service/legacy_modules_collection_v1_0_0_20250818.py -> /home/mdoehler/aktienanalyse-ökosystem/archive/critical_cleanup_20250827_044120/legacy_collections/legacy_modules_collection_v1_0_0_20250818.py
2025-08-27 04:41:20,812 - INFO - Legacy Collection verschoben: /home/mdoehler/aktienanalyse-ökosystem/services/ml-analytics-service/infrastructure/legacy_adapters -> /home/mdoehler/aktienanalyse-ökosystem/archive/critical_cleanup_20250827_044120/legacy_collections/legacy_adapters
2025-08-27 04:41:20,812 - INFO - === BACKUP-DATEIEN BEREINIGUNG ===
2025-08-27 04:41:20,864 - INFO - Backup-Datei gelöscht: /home/mdoehler/aktienanalyse-ökosystem/archive/critical_cleanup_20250827_044120/service_duplicates/frontend-service/main.py.backup_20250826_190147
2025-08-27 04:41:20,869 - INFO - Backup-Datei gelöscht: /home/mdoehler/aktienanalyse-ökosystem/temp_frontend_main_soll_ist.py
2025-08-27 04:41:20,869 - INFO - Backup-Datei gelöscht: /home/mdoehler/aktienanalyse-ökosystem/temp_prediction_tracking.py
2025-08-27 04:41:20,869 - INFO - Backup-Datei gelöscht: /home/mdoehler/aktienanalyse-ökosystem/temp_frontend_main.py
2025-08-27 04:41:20,869 - INFO - Backup-Datei gelöscht: /home/mdoehler/aktienanalyse-ökosystem/temp_production_main.py
2025-08-27 04:41:20,894 - INFO - Backup-Datei gelöscht: /home/mdoehler/aktienanalyse-ökosystem/venv/lib/python3.11/site-packages/pip/_internal/utils/temp_dir.py
2025-08-27 04:41:20,911 - INFO - Backup-Datei gelöscht: /home/mdoehler/aktienanalyse-ökosystem/services/portfolio-management-service/venv/lib/python3.11/site-packages/pip/_internal/utils/temp_dir.py
2025-08-27 04:41:20,987 - INFO - Cleanup-Report erstellt: /home/mdoehler/aktienanalyse-ökosystem/CRITICAL_CLEANUP_EXECUTION_REPORT_v1_0_0_20250827_044120.json
2025-08-27 04:41:20,987 - INFO - 
=== CLEANUP SUMMARY ===
2025-08-27 04:41:20,987 - INFO - Dateien verschoben: 29
2025-08-27 04:41:20,987 - INFO - Dateien gelöscht: 11
2025-08-27 04:41:20,987 - INFO - Services konsolidiert: 6
2025-08-27 04:41:20,987 - INFO - Fehler: 0
2025-08-27 04:41:20,988 - INFO -   - frontend-service: 0 Duplikate bereinigt
2025-08-27 04:41:20,988 - INFO -   - ml-analytics-service: 0 Duplikate bereinigt
2025-08-27 04:41:20,988 - INFO -   - prediction-tracking-service: 0 Duplikate bereinigt
2025-08-27 04:41:20,988 - INFO -   - data-processing-service: 0 Duplikate bereinigt
2025-08-27 04:41:20,988 - INFO -   - marketcap-service: 0 Duplikate bereinigt
2025-08-27 04:41:20,988 - INFO -   - diagnostic-service: 0 Duplikate bereinigt
2025-08-27 04:41:20,988 - INFO - === KRITISCHE CODE-BEREINIGUNG ABGESCHLOSSEN ===
